<?xml version="1.0" encoding="UTF-8"?>
<beans xmlns="http://www.springframework.org/schema/beans"
	xmlns:xsi="http://www.w3.org/2001/XMLSchema-instance" 
	xmlns:context="http://www.springframework.org/schema/context"
	xmlns:tx="http://www.springframework.org/schema/tx"
	xsi:schemaLocation="
		http://www.springframework.org/schema/beans 
		http://www.springframework.org/schema/beans/spring-beans.xsd
        http://www.springframework.org/schema/context 
        http://www.springframework.org/schema/context/spring-context-4.0.xsd
        http://www.springframework.org/schema/tx 
        http://www.springframework.org/schema/tx/spring-tx-4.0.xsd">
        
	<context:annotation-config />
    <context:component-scan base-package="de.nexum.commerce" />            

	<tx:annotation-driven proxy-target-class="true" transaction-manager="transactionManager" />

	<bean id="transactionManager" class="org.springframework.jdbc.datasource.DataSourceTransactionManager">
		<property name="dataSource" ref="dataSource" />
	</bean>

	<bean id="dataSource" class="org.springframework.jdbc.datasource.DriverManagerDataSource">
		<property name="driverClassName" value="org.postgresql.Driver" />
		<property name="url" value="jdbc:postgresql://localhost:5432/junitDB" />
		<property name="username" value="junit" />
		<property name="password" value="junit" />
	</bean>
	
	<bean id="jdbcTemplate" class="org.springframework.jdbc.core.JdbcTemplate"> 
		<property name="dataSource" ref="dataSource" />
	</bean> 	
	
	<bean id="priceDAO" class="de.nexum.commerce.backend.dao.impl.PgGenericPriceDAOImpl">
		<property name="dataSource" ref="dataSource" />
	</bean>
	
	<bean id="attributeDAO" class="de.nexum.commerce.backend.dao.impl.PgGenericAttributeDAOImpl">
		<property name="dataSource" ref="dataSource" />
	</bean>
	
	<bean id="productDAO" class="de.nexum.commerce.backend.dao.impl.PgGenericProductDAOImpl">
		<property name="dataSource" ref="dataSource" />		
	</bean>	
	
	<bean id="variantDAO" class="de.nexum.commerce.backend.dao.impl.PgGenericVariantDAOImpl">
		<property name="dataSource" ref="dataSource" />		
	</bean>			
	
	<bean id="collectionVariantDAO" class="de.nexum.commerce.backend.dao.impl.PgGenericCollectionVariantDAOImpl">
		<property name="dataSource" ref="dataSource" />		
	</bean>			
	
	<bean id="variantProductDAO" class="de.nexum.commerce.backend.dao.impl.PgGenericVariantProductDAOImpl">
		<property name="dataSource" ref="dataSource" />				
	</bean>	
	
	<bean id="inventoryDAO" class="de.nexum.commerce.backend.dao.impl.PgGenericInventoryDAOImpl">
		<property name="dataSource" ref="dataSource" />				
	</bean>		
	
	<bean id="helperDAO" class="de.nexum.commerce.backend.dao.impl.PgHelperDAOImpl">
		<property name="dataSource" ref="dataSource" />				
	</bean>		
	
	<bean id="repositoryService" class="de.nexum.commerce.backend.services.impl.RepositoryServiceImpl" />						

</beans>