<?xml version="1.0" encoding="UTF-8"?>
<beans xmlns="http://www.springframework.org/schema/beans"
	xmlns:xsi="http://www.w3.org/2001/XMLSchema-instance" xmlns:context="http://www.springframework.org/schema/context"
	xmlns:tx="http://www.springframework.org/schema/tx"
	xsi:schemaLocation="http://www.springframework.org/schema/beans http://www.springframework.org/schema/beans/spring-beans.xsd
        http://www.springframework.org/schema/context http://www.springframework.org/schema/context/spring-context-4.0.xsd
        http://www.springframework.org/schema/tx http://www.springframework.org/schema/tx/spring-tx-4.0.xsd">

	<tx:annotation-driven proxy-target-class="true" transaction-manager="transactionManager" />

	<bean id="transactionManager" class="org.springframework.jdbc.datasource.DataSourceTransactionManager">
		<property name="dataSource" ref="dataSource" />
	</bean>

	<bean id="dataSource" class="org.springframework.jdbc.datasource.DriverManagerDataSource">
		<property name="driverClassName" value="org.postgresql.Driver" />
		<property name="url" value="jdbc:postgresql://localhost:5432/junitdb" />
		<property name="username" value="junit" />
		<property name="password" value="junit" />
	</bean>
	
	<bean id="priceDAO" class="de.nexum.commerce.dao.impl.PgPriceDAOImpl">
		<property name="dataSource" ref="dataSource" />
	</bean>
	
	<bean id="attributeDAO" class="de.nexum.commerce.dao.impl.PgAttributeDAOImpl">
		<property name="dataSource" ref="dataSource" />
	</bean>
	
	<bean id="productDAO" class="de.nexum.commerce.dao.impl.PgProductDAOImpl">
		<property name="dataSource" ref="dataSource" />
		<property name="priceDAO" ref="priceDAO" />
		<property name="attributeDAO" ref="attributeDAO" />		
	</bean>			

	<bean id="productManager" class="de.nexum.commerce.manager.impl.ProductManagerImpl">
		<property name="productDAO" ref="productDAO" />
	</bean>

</beans>